2020-11-19 11:35:27.149  INFO 1 --- [main] c.e.i.j.e.EpisenScaJagBackendApplication : Starting EpisenScaJagBackendApplication on 992a03820c78 with PID 1 (/app/episen-sca-jag-backend.jar started by newuser in /app)
2020-11-19 11:35:27.239  INFO 1 --- [main] c.e.i.j.e.EpisenScaJagBackendApplication : No active profile set, falling back to default profiles: default
2020-11-19 11:35:31.664  INFO 1 --- [main] o.s.b.w.embedded.tomcat.TomcatWebServer  : Tomcat initialized with port(s): 8080 (http)
2020-11-19 11:35:31.758  INFO 1 --- [main] o.apache.catalina.core.StandardService   : Starting service [Tomcat]
2020-11-19 11:35:31.759  INFO 1 --- [main] org.apache.catalina.core.StandardEngine  : Starting Servlet engine: [Apache Tomcat/9.0.38]
2020-11-19 11:35:32.060  INFO 1 --- [main] o.a.c.c.C.[Tomcat].[localhost].[/]       : Initializing Spring embedded WebApplicationContext
2020-11-19 11:35:32.061  INFO 1 --- [main] w.s.c.ServletWebServerApplicationContext : Root WebApplicationContext: initialization completed in 4610 ms
2020-11-19 11:35:34.042  INFO 1 --- [main] o.s.s.concurrent.ThreadPoolTaskExecutor  : Initializing ExecutorService 'applicationTaskExecutor'
2020-11-19 11:35:34.962  INFO 1 --- [main] o.s.b.w.embedded.tomcat.TomcatWebServer  : Tomcat started on port(s): 8080 (http) with context path ''
2020-11-19 11:35:35.044  INFO 1 --- [main] c.e.i.j.e.EpisenScaJagBackendApplication : Started EpisenScaJagBackendApplication in 9.895 seconds (JVM running for 11.781)
2020-11-19 11:36:14.155  INFO 1 --- [http-nio-8080-exec-1] o.a.c.c.C.[Tomcat].[localhost].[/]       : Initializing Spring DispatcherServlet 'dispatcherServlet'
2020-11-19 11:36:14.157  INFO 1 --- [http-nio-8080-exec-1] o.s.web.servlet.DispatcherServlet        : Initializing Servlet 'dispatcherServlet'
2020-11-19 11:36:14.243  INFO 1 --- [http-nio-8080-exec-1] o.s.web.servlet.DispatcherServlet        : Completed initialization in 85 ms
2020-11-19 11:36:14.364  INFO 1 --- [http-nio-8080-exec-1] c.e.i.j.e.controller.Controller          : createCat : Justin
2020-11-19 11:36:14.439  INFO 1 --- [http-nio-8080-exec-1] c.e.i.j.e.controller.Controller          : Creation....
2020-11-19 11:36:14.440  INFO 1 --- [http-nio-8080-exec-1] c.e.i.j.e.controller.Controller          : Cat is created !
2020-11-19 11:36:16.747  INFO 1 --- [http-nio-8080-exec-2] c.e.i.j.e.controller.Controller          : createCat : Pierre
2020-11-19 11:36:16.749  INFO 1 --- [http-nio-8080-exec-2] c.e.i.j.e.controller.Controller          : Creation....
2020-11-19 11:36:16.751  INFO 1 --- [http-nio-8080-exec-2] c.e.i.j.e.controller.Controller          : Cat is created !
2020-11-19 11:36:21.510  INFO 1 --- [http-nio-8080-exec-3] c.e.i.j.e.controller.Controller          : createCat : cooupain
2020-11-19 11:36:21.512  INFO 1 --- [http-nio-8080-exec-3] c.e.i.j.e.controller.Controller          : Creation....
2020-11-19 11:36:21.513  INFO 1 --- [http-nio-8080-exec-3] c.e.i.j.e.controller.Controller          : Cat is created !
2020-11-19 11:44:04.696  INFO 1 --- [SpringContextShutdownHook] o.s.s.concurrent.ThreadPoolTaskExecutor  : Shutting down ExecutorService 'applicationTaskExecutor'
2020-11-19 11:44:20.269  INFO 1 --- [main] c.e.i.j.e.EpisenScaJagBackendApplication : Starting EpisenScaJagBackendApplication on 3ce5801cf46e with PID 1 (/app/episen-sca-jag-backend.jar started by newuser in /app)
2020-11-19 11:44:20.344  INFO 1 --- [main] c.e.i.j.e.EpisenScaJagBackendApplication : No active profile set, falling back to default profiles: default
2020-11-19 11:44:24.951  INFO 1 --- [main] o.s.b.w.embedded.tomcat.TomcatWebServer  : Tomcat initialized with port(s): 8080 (http)
2020-11-19 11:44:24.967  INFO 1 --- [main] o.apache.catalina.core.StandardService   : Starting service [Tomcat]
2020-11-19 11:44:25.039  INFO 1 --- [main] org.apache.catalina.core.StandardEngine  : Starting Servlet engine: [Apache Tomcat/9.0.38]
2020-11-19 11:44:25.347  INFO 1 --- [main] o.a.c.c.C.[Tomcat].[localhost].[/]       : Initializing Spring embedded WebApplicationContext
2020-11-19 11:44:25.347  INFO 1 --- [main] w.s.c.ServletWebServerApplicationContext : Root WebApplicationContext: initialization completed in 4793 ms
2020-11-19 11:44:27.341  INFO 1 --- [main] o.s.s.concurrent.ThreadPoolTaskExecutor  : Initializing ExecutorService 'applicationTaskExecutor'
2020-11-19 11:44:28.341  INFO 1 --- [main] o.s.b.w.embedded.tomcat.TomcatWebServer  : Tomcat started on port(s): 8080 (http) with context path ''
2020-11-19 11:44:28.352  INFO 1 --- [main] c.e.i.j.e.EpisenScaJagBackendApplication : Started EpisenScaJagBackendApplication in 10.007 seconds (JVM running for 12.095)
2020-11-19 11:45:05.941  INFO 1 --- [http-nio-8080-exec-1] o.a.c.c.C.[Tomcat].[localhost].[/]       : Initializing Spring DispatcherServlet 'dispatcherServlet'
2020-11-19 11:45:05.942  INFO 1 --- [http-nio-8080-exec-1] o.s.web.servlet.DispatcherServlet        : Initializing Servlet 'dispatcherServlet'
2020-11-19 11:45:05.949  INFO 1 --- [http-nio-8080-exec-1] o.s.web.servlet.DispatcherServlet        : Completed initialization in 6 ms
2020-11-19 11:45:06.244  INFO 1 --- [http-nio-8080-exec-1] c.e.i.j.e.controller.Controller          : createCat : docker
2020-11-19 11:45:06.245  INFO 1 --- [http-nio-8080-exec-1] c.e.i.j.e.controller.Controller          : Creation....
2020-11-19 11:45:06.246  INFO 1 --- [http-nio-8080-exec-1] c.e.i.j.e.controller.Controller          : Cat is created !
2020-11-19 11:45:08.290  INFO 1 --- [http-nio-8080-exec-2] c.e.i.j.e.controller.Controller          : createCat : compose
2020-11-19 11:45:08.292  INFO 1 --- [http-nio-8080-exec-2] c.e.i.j.e.controller.Controller          : Creation....
2020-11-19 11:45:08.294  INFO 1 --- [http-nio-8080-exec-2] c.e.i.j.e.controller.Controller          : Cat is created !
2020-11-19 11:45:10.938  INFO 1 --- [http-nio-8080-exec-3] c.e.i.j.e.controller.Controller          : createCat : up
2020-11-19 11:45:10.939  INFO 1 --- [http-nio-8080-exec-3] c.e.i.j.e.controller.Controller          : Creation....
2020-11-19 11:45:10.940  INFO 1 --- [http-nio-8080-exec-3] c.e.i.j.e.controller.Controller          : Cat is created !
2020-11-19 11:47:05.546  INFO 1 --- [main] c.e.i.j.e.EpisenScaJagBackendApplication : Starting EpisenScaJagBackendApplication on 58f79e8e2610 with PID 1 (/app/episen-sca-jag-backend.jar started by newuser in /app)
2020-11-19 11:47:05.639  INFO 1 --- [main] c.e.i.j.e.EpisenScaJagBackendApplication : No active profile set, falling back to default profiles: default
2020-11-19 11:47:10.140  INFO 1 --- [main] o.s.b.w.embedded.tomcat.TomcatWebServer  : Tomcat initialized with port(s): 8080 (http)
2020-11-19 11:47:10.164  INFO 1 --- [main] o.apache.catalina.core.StandardService   : Starting service [Tomcat]
2020-11-19 11:47:10.239  INFO 1 --- [main] org.apache.catalina.core.StandardEngine  : Starting Servlet engine: [Apache Tomcat/9.0.38]
2020-11-19 11:47:10.561  INFO 1 --- [main] o.a.c.c.C.[Tomcat].[localhost].[/]       : Initializing Spring embedded WebApplicationContext
2020-11-19 11:47:10.561  INFO 1 --- [main] w.s.c.ServletWebServerApplicationContext : Root WebApplicationContext: initialization completed in 4706 ms
2020-11-19 11:47:12.744  INFO 1 --- [main] o.s.s.concurrent.ThreadPoolTaskExecutor  : Initializing ExecutorService 'applicationTaskExecutor'
2020-11-19 11:47:13.561  INFO 1 --- [main] o.s.b.w.embedded.tomcat.TomcatWebServer  : Tomcat started on port(s): 8080 (http) with context path ''
2020-11-19 11:47:13.648  INFO 1 --- [main] c.e.i.j.e.EpisenScaJagBackendApplication : Started EpisenScaJagBackendApplication in 10.194 seconds (JVM running for 12.195)
2020-11-19 11:53:05.548  INFO 1 --- [SpringContextShutdownHook] o.s.s.concurrent.ThreadPoolTaskExecutor  : Shutting down ExecutorService 'applicationTaskExecutor'
2020-11-19 11:53:26.541  INFO 1 --- [main] c.e.i.j.e.EpisenScaJagBackendApplication : Starting EpisenScaJagBackendApplication on 27b8c6214fe4 with PID 1 (/app/episen-sca-jag-backend.jar started by newuser in /app)
2020-11-19 11:53:26.550  INFO 1 --- [main] c.e.i.j.e.EpisenScaJagBackendApplication : No active profile set, falling back to default profiles: default
2020-11-19 11:53:31.047  INFO 1 --- [main] o.s.b.w.embedded.tomcat.TomcatWebServer  : Tomcat initialized with port(s): 8080 (http)
2020-11-19 11:53:31.062  INFO 1 --- [main] o.apache.catalina.core.StandardService   : Starting service [Tomcat]
2020-11-19 11:53:31.139  INFO 1 --- [main] org.apache.catalina.core.StandardEngine  : Starting Servlet engine: [Apache Tomcat/9.0.38]
2020-11-19 11:53:31.443  INFO 1 --- [main] o.a.c.c.C.[Tomcat].[localhost].[/]       : Initializing Spring embedded WebApplicationContext
2020-11-19 11:53:31.444  INFO 1 --- [main] w.s.c.ServletWebServerApplicationContext : Root WebApplicationContext: initialization completed in 4591 ms
2020-11-19 11:53:33.459  INFO 1 --- [main] o.s.s.concurrent.ThreadPoolTaskExecutor  : Initializing ExecutorService 'applicationTaskExecutor'
2020-11-19 11:53:34.356  INFO 1 --- [main] o.s.b.w.embedded.tomcat.TomcatWebServer  : Tomcat started on port(s): 8080 (http) with context path ''
2020-11-19 11:53:34.447  INFO 1 --- [main] c.e.i.j.e.EpisenScaJagBackendApplication : Started EpisenScaJagBackendApplication in 9.79 seconds (JVM running for 12.076)
2020-11-19 11:55:30.342  INFO 1 --- [main] c.e.i.j.e.EpisenScaJagBackendApplication : Starting EpisenScaJagBackendApplication on 0a8c06728843 with PID 1 (/app/episen-sca-jag-backend.jar started by newuser in /app)
2020-11-19 11:55:30.347  INFO 1 --- [main] c.e.i.j.e.EpisenScaJagBackendApplication : No active profile set, falling back to default profiles: default
2020-11-19 11:55:35.157  INFO 1 --- [main] o.s.b.w.embedded.tomcat.TomcatWebServer  : Tomcat initialized with port(s): 8080 (http)
2020-11-19 11:55:35.256  INFO 1 --- [main] o.apache.catalina.core.StandardService   : Starting service [Tomcat]
2020-11-19 11:55:35.257  INFO 1 --- [main] org.apache.catalina.core.StandardEngine  : Starting Servlet engine: [Apache Tomcat/9.0.38]
2020-11-19 11:55:35.551  INFO 1 --- [main] o.a.c.c.C.[Tomcat].[localhost].[/]       : Initializing Spring embedded WebApplicationContext
2020-11-19 11:55:35.552  INFO 1 --- [main] w.s.c.ServletWebServerApplicationContext : Root WebApplicationContext: initialization completed in 4905 ms
2020-11-19 11:55:37.552  INFO 1 --- [main] o.s.s.concurrent.ThreadPoolTaskExecutor  : Initializing ExecutorService 'applicationTaskExecutor'
2020-11-19 11:55:38.458  INFO 1 --- [main] o.s.b.w.embedded.tomcat.TomcatWebServer  : Tomcat started on port(s): 8080 (http) with context path ''
2020-11-19 11:55:38.467  INFO 1 --- [main] c.e.i.j.e.EpisenScaJagBackendApplication : Started EpisenScaJagBackendApplication in 10.022 seconds (JVM running for 12.329)
2020-11-19 11:56:43.351  INFO 1 --- [SpringContextShutdownHook] o.s.s.concurrent.ThreadPoolTaskExecutor  : Shutting down ExecutorService 'applicationTaskExecutor'
2020-11-19 11:56:58.142  INFO 1 --- [main] c.e.i.j.e.EpisenScaJagBackendApplication : Starting EpisenScaJagBackendApplication on 359002aaf641 with PID 1 (/app/episen-sca-jag-backend.jar started by newuser in /app)
2020-11-19 11:56:58.145  INFO 1 --- [main] c.e.i.j.e.EpisenScaJagBackendApplication : No active profile set, falling back to default profiles: default
2020-11-19 11:57:02.755  INFO 1 --- [main] o.s.b.w.embedded.tomcat.TomcatWebServer  : Tomcat initialized with port(s): 8080 (http)
2020-11-19 11:57:02.849  INFO 1 --- [main] o.apache.catalina.core.StandardService   : Starting service [Tomcat]
2020-11-19 11:57:02.851  INFO 1 --- [main] org.apache.catalina.core.StandardEngine  : Starting Servlet engine: [Apache Tomcat/9.0.38]
2020-11-19 11:57:03.148  INFO 1 --- [main] o.a.c.c.C.[Tomcat].[localhost].[/]       : Initializing Spring embedded WebApplicationContext
2020-11-19 11:57:03.149  INFO 1 --- [main] w.s.c.ServletWebServerApplicationContext : Root WebApplicationContext: initialization completed in 4700 ms
2020-11-19 11:57:04.952  INFO 1 --- [main] o.s.s.concurrent.ThreadPoolTaskExecutor  : Initializing ExecutorService 'applicationTaskExecutor'
2020-11-19 11:57:05.946  INFO 1 --- [main] o.s.b.w.embedded.tomcat.TomcatWebServer  : Tomcat started on port(s): 8080 (http) with context path ''
2020-11-19 11:57:05.955  INFO 1 --- [main] c.e.i.j.e.EpisenScaJagBackendApplication : Started EpisenScaJagBackendApplication in 9.904 seconds (JVM running for 11.963)
2020-11-19 11:57:26.448  INFO 1 --- [SpringContextShutdownHook] o.s.s.concurrent.ThreadPoolTaskExecutor  : Shutting down ExecutorService 'applicationTaskExecutor'
2020-11-19 11:57:34.344  INFO 1 --- [main] c.e.i.j.e.EpisenScaJagBackendApplication : Starting EpisenScaJagBackendApplication on b95ffc17eb6c with PID 1 (/app/episen-sca-jag-backend.jar started by newuser in /app)
2020-11-19 11:57:34.348  INFO 1 --- [main] c.e.i.j.e.EpisenScaJagBackendApplication : No active profile set, falling back to default profiles: default
2020-11-19 11:57:39.439  INFO 1 --- [main] o.s.b.w.embedded.tomcat.TomcatWebServer  : Tomcat initialized with port(s): 8080 (http)
2020-11-19 11:57:39.454  INFO 1 --- [main] o.apache.catalina.core.StandardService   : Starting service [Tomcat]
2020-11-19 11:57:39.455  INFO 1 --- [main] org.apache.catalina.core.StandardEngine  : Starting Servlet engine: [Apache Tomcat/9.0.38]
2020-11-19 11:57:39.841  INFO 1 --- [main] o.a.c.c.C.[Tomcat].[localhost].[/]       : Initializing Spring embedded WebApplicationContext
2020-11-19 11:57:39.842  INFO 1 --- [main] w.s.c.ServletWebServerApplicationContext : Root WebApplicationContext: initialization completed in 5200 ms
2020-11-19 11:57:42.146  INFO 1 --- [main] o.s.s.concurrent.ThreadPoolTaskExecutor  : Initializing ExecutorService 'applicationTaskExecutor'
2020-11-19 11:57:43.546  INFO 1 --- [main] o.s.b.w.embedded.tomcat.TomcatWebServer  : Tomcat started on port(s): 8080 (http) with context path ''
2020-11-19 11:57:43.557  INFO 1 --- [main] c.e.i.j.e.EpisenScaJagBackendApplication : Started EpisenScaJagBackendApplication in 11.19 seconds (JVM running for 13.352)
2020-11-19 13:04:05.044  INFO 1 --- [main] c.e.i.j.e.EpisenScaJagBackendApplication : Starting EpisenScaJagBackendApplication on b95ffc17eb6c with PID 1 (/app/episen-sca-jag-backend.jar started by newuser in /app)
2020-11-19 13:04:05.047  INFO 1 --- [main] c.e.i.j.e.EpisenScaJagBackendApplication : No active profile set, falling back to default profiles: default
2020-11-19 13:04:10.639  INFO 1 --- [main] o.s.b.w.embedded.tomcat.TomcatWebServer  : Tomcat initialized with port(s): 8080 (http)
2020-11-19 13:04:10.652  INFO 1 --- [main] o.apache.catalina.core.StandardService   : Starting service [Tomcat]
2020-11-19 13:04:10.653  INFO 1 --- [main] org.apache.catalina.core.StandardEngine  : Starting Servlet engine: [Apache Tomcat/9.0.38]
2020-11-19 13:04:11.148  INFO 1 --- [main] o.a.c.c.C.[Tomcat].[localhost].[/]       : Initializing Spring embedded WebApplicationContext
2020-11-19 13:04:11.150  INFO 1 --- [main] w.s.c.ServletWebServerApplicationContext : Root WebApplicationContext: initialization completed in 5706 ms
2020-11-19 13:04:13.646  INFO 1 --- [main] o.s.s.concurrent.ThreadPoolTaskExecutor  : Initializing ExecutorService 'applicationTaskExecutor'
2020-11-19 13:04:14.743  INFO 1 --- [main] o.s.b.w.embedded.tomcat.TomcatWebServer  : Tomcat started on port(s): 8080 (http) with context path ''
2020-11-19 13:04:14.756  INFO 1 --- [main] c.e.i.j.e.EpisenScaJagBackendApplication : Started EpisenScaJagBackendApplication in 11.909 seconds (JVM running for 14.121)
2020-11-19 13:04:28.459  INFO 1 --- [SpringContextShutdownHook] o.s.s.concurrent.ThreadPoolTaskExecutor  : Shutting down ExecutorService 'applicationTaskExecutor'
2020-11-19 13:04:51.355  INFO 1 --- [main] c.e.i.j.e.EpisenScaJagBackendApplication : Starting EpisenScaJagBackendApplication on 8acc0492bc44 with PID 1 (/app/episen-sca-jag-backend.jar started by newuser in /app)
2020-11-19 13:04:51.359  INFO 1 --- [main] c.e.i.j.e.EpisenScaJagBackendApplication : No active profile set, falling back to default profiles: default
2020-11-19 13:04:57.467  INFO 1 --- [main] o.s.b.w.embedded.tomcat.TomcatWebServer  : Tomcat initialized with port(s): 8080 (http)
2020-11-19 13:04:57.550  INFO 1 --- [main] o.apache.catalina.core.StandardService   : Starting service [Tomcat]
2020-11-19 13:04:57.551  INFO 1 --- [main] org.apache.catalina.core.StandardEngine  : Starting Servlet engine: [Apache Tomcat/9.0.38]
2020-11-19 13:04:58.046  INFO 1 --- [main] o.a.c.c.C.[Tomcat].[localhost].[/]       : Initializing Spring embedded WebApplicationContext
2020-11-19 13:04:58.047  INFO 1 --- [main] w.s.c.ServletWebServerApplicationContext : Root WebApplicationContext: initialization completed in 6299 ms
2020-11-19 13:05:00.554  INFO 1 --- [main] o.s.s.concurrent.ThreadPoolTaskExecutor  : Initializing ExecutorService 'applicationTaskExecutor'
2020-11-19 13:05:01.948  INFO 1 --- [main] o.s.b.w.embedded.tomcat.TomcatWebServer  : Tomcat started on port(s): 8080 (http) with context path ''
2020-11-19 13:05:01.968  INFO 1 --- [main] c.e.i.j.e.EpisenScaJagBackendApplication : Started EpisenScaJagBackendApplication in 13.51 seconds (JVM running for 15.923)
2020-11-19 13:06:29.092  INFO 1 --- [SpringContextShutdownHook] o.s.s.concurrent.ThreadPoolTaskExecutor  : Shutting down ExecutorService 'applicationTaskExecutor'
2020-11-19 13:06:48.868  INFO 1 --- [main] c.e.i.j.e.EpisenScaJagBackendApplication : Starting EpisenScaJagBackendApplication on a82a6617f1f0 with PID 1 (/app/episen-sca-jag-backend.jar started by newuser in /app)
2020-11-19 13:06:48.943  INFO 1 --- [main] c.e.i.j.e.EpisenScaJagBackendApplication : No active profile set, falling back to default profiles: default
2020-11-19 13:11:09.966  INFO 1 --- [main] c.e.i.j.e.EpisenScaJagBackendApplication : Starting EpisenScaJagBackendApplication on 9b969506c8ec with PID 1 (/app/episen-sca-jag-backend.jar started by newuser in /app)
2020-11-19 13:11:10.039  INFO 1 --- [main] c.e.i.j.e.EpisenScaJagBackendApplication : No active profile set, falling back to default profiles: default
2020-11-19 13:11:17.446  INFO 1 --- [main] o.s.b.w.embedded.tomcat.TomcatWebServer  : Tomcat initialized with port(s): 8080 (http)
2020-11-19 13:11:17.543  INFO 1 --- [main] o.apache.catalina.core.StandardService   : Starting service [Tomcat]
2020-11-19 13:11:17.544  INFO 1 --- [main] org.apache.catalina.core.StandardEngine  : Starting Servlet engine: [Apache Tomcat/9.0.38]
2020-11-19 13:11:17.759  INFO 1 --- [main] o.a.c.c.C.[Tomcat].[localhost].[/]       : Initializing Spring embedded WebApplicationContext
2020-11-19 13:11:17.839  INFO 1 --- [main] w.s.c.ServletWebServerApplicationContext : Root WebApplicationContext: initialization completed in 7196 ms
2020-11-19 13:11:20.453  INFO 1 --- [main] o.s.s.concurrent.ThreadPoolTaskExecutor  : Initializing ExecutorService 'applicationTaskExecutor'
2020-11-19 13:11:21.645  INFO 1 --- [main] o.s.b.w.embedded.tomcat.TomcatWebServer  : Tomcat started on port(s): 8080 (http) with context path ''
2020-11-19 13:11:21.739  INFO 1 --- [main] c.e.i.j.e.EpisenScaJagBackendApplication : Started EpisenScaJagBackendApplication in 14.399 seconds (JVM running for 17.822)
2020-11-19 13:17:48.749  INFO 1 --- [main] c.e.i.j.e.EpisenScaJagBackendApplication : Starting EpisenScaJagBackendApplication on 66c37b219f26 with PID 1 (/app/episen-sca-jag-backend.jar started by newuser in /app)
2020-11-19 13:17:48.753  INFO 1 --- [main] c.e.i.j.e.EpisenScaJagBackendApplication : No active profile set, falling back to default profiles: default
2020-11-19 13:17:54.844  INFO 1 --- [main] o.s.b.w.embedded.tomcat.TomcatWebServer  : Tomcat initialized with port(s): 8080 (http)
2020-11-19 13:17:54.947  INFO 1 --- [main] o.apache.catalina.core.StandardService   : Starting service [Tomcat]
2020-11-19 13:17:54.949  INFO 1 --- [main] org.apache.catalina.core.StandardEngine  : Starting Servlet engine: [Apache Tomcat/9.0.38]
2020-11-19 13:17:55.446  INFO 1 --- [main] o.a.c.c.C.[Tomcat].[localhost].[/]       : Initializing Spring embedded WebApplicationContext
2020-11-19 13:17:55.648  INFO 1 --- [main] w.s.c.ServletWebServerApplicationContext : Root WebApplicationContext: initialization completed in 6504 ms
2020-11-19 13:17:57.740  INFO 1 --- [main] o.s.s.concurrent.ThreadPoolTaskExecutor  : Initializing ExecutorService 'applicationTaskExecutor'
2020-11-19 13:17:58.550  INFO 1 --- [main] o.s.b.w.embedded.tomcat.TomcatWebServer  : Tomcat started on port(s): 8080 (http) with context path ''
2020-11-19 13:17:58.640  INFO 1 --- [main] c.e.i.j.e.EpisenScaJagBackendApplication : Started EpisenScaJagBackendApplication in 12.681 seconds (JVM running for 15.681)
2020-11-19 13:23:50.446  INFO 1 --- [SpringContextShutdownHook] o.s.s.concurrent.ThreadPoolTaskExecutor  : Shutting down ExecutorService 'applicationTaskExecutor'
2020-11-19 13:24:55.541  INFO 1 --- [main] c.e.i.j.e.EpisenScaJagBackendApplication : Starting EpisenScaJagBackendApplication on 12ed2dabff11 with PID 1 (/app/episen-sca-jag-backend.jar started by newuser in /app)
2020-11-19 13:24:55.546  INFO 1 --- [main] c.e.i.j.e.EpisenScaJagBackendApplication : No active profile set, falling back to default profiles: default
2020-11-19 13:25:00.249  INFO 1 --- [main] o.s.b.w.embedded.tomcat.TomcatWebServer  : Tomcat initialized with port(s): 8080 (http)
2020-11-19 13:25:00.266  INFO 1 --- [main] o.apache.catalina.core.StandardService   : Starting service [Tomcat]
2020-11-19 13:25:00.339  INFO 1 --- [main] org.apache.catalina.core.StandardEngine  : Starting Servlet engine: [Apache Tomcat/9.0.38]
2020-11-19 13:25:00.655  INFO 1 --- [main] o.a.c.c.C.[Tomcat].[localhost].[/]       : Initializing Spring embedded WebApplicationContext
2020-11-19 13:25:00.656  INFO 1 --- [main] w.s.c.ServletWebServerApplicationContext : Root WebApplicationContext: initialization completed in 4898 ms
2020-11-19 13:25:02.743  INFO 1 --- [main] o.s.s.concurrent.ThreadPoolTaskExecutor  : Initializing ExecutorService 'applicationTaskExecutor'
2020-11-19 13:25:03.750  INFO 1 --- [main] o.s.b.w.embedded.tomcat.TomcatWebServer  : Tomcat started on port(s): 8080 (http) with context path ''
2020-11-19 13:25:03.846  INFO 1 --- [main] c.e.i.j.e.EpisenScaJagBackendApplication : Started EpisenScaJagBackendApplication in 10.504 seconds (JVM running for 13.343)
2020-11-19 13:29:04.141  INFO 1 --- [main] c.e.i.j.e.EpisenScaJagBackendApplication : Starting EpisenScaJagBackendApplication on 21580a8b039d with PID 1 (/app/episen-sca-jag-backend.jar started by newuser in /app)
2020-11-19 13:29:04.143  INFO 1 --- [main] c.e.i.j.e.EpisenScaJagBackendApplication : No active profile set, falling back to default profiles: default
2020-11-19 13:29:08.762  INFO 1 --- [main] o.s.b.w.embedded.tomcat.TomcatWebServer  : Tomcat initialized with port(s): 8080 (http)
2020-11-19 13:29:08.846  INFO 1 --- [main] o.apache.catalina.core.StandardService   : Starting service [Tomcat]
2020-11-19 13:29:08.847  INFO 1 --- [main] org.apache.catalina.core.StandardEngine  : Starting Servlet engine: [Apache Tomcat/9.0.38]
2020-11-19 13:29:09.069  INFO 1 --- [main] o.a.c.c.C.[Tomcat].[localhost].[/]       : Initializing Spring embedded WebApplicationContext
2020-11-19 13:29:09.138  INFO 1 --- [main] w.s.c.ServletWebServerApplicationContext : Root WebApplicationContext: initialization completed in 4780 ms
2020-11-19 13:29:10.947  INFO 1 --- [main] o.s.s.concurrent.ThreadPoolTaskExecutor  : Initializing ExecutorService 'applicationTaskExecutor'
2020-11-19 13:29:11.862  INFO 1 --- [main] o.s.b.w.embedded.tomcat.TomcatWebServer  : Tomcat started on port(s): 8080 (http) with context path ''
2020-11-19 13:29:11.949  INFO 1 --- [main] c.e.i.j.e.EpisenScaJagBackendApplication : Started EpisenScaJagBackendApplication in 9.799 seconds (JVM running for 12.166)
2020-11-19 13:30:30.055  INFO 1 --- [http-nio-8080-exec-1] o.a.c.c.C.[Tomcat].[localhost].[/]       : Initializing Spring DispatcherServlet 'dispatcherServlet'
2020-11-19 13:30:30.056  INFO 1 --- [http-nio-8080-exec-1] o.s.web.servlet.DispatcherServlet        : Initializing Servlet 'dispatcherServlet'
2020-11-19 13:30:30.062  INFO 1 --- [http-nio-8080-exec-1] o.s.web.servlet.DispatcherServlet        : Completed initialization in 6 ms
2020-11-19 13:32:13.129  INFO 1 --- [SpringContextShutdownHook] o.s.s.concurrent.ThreadPoolTaskExecutor  : Shutting down ExecutorService 'applicationTaskExecutor'
2020-11-19 13:33:36.846  INFO 1 --- [main] c.e.i.j.e.EpisenScaJagBackendApplication : Starting EpisenScaJagBackendApplication on a477f4645bfb with PID 1 (/app/episen-sca-jag-backend.jar started by newuser in /app)
2020-11-19 13:33:36.852  INFO 1 --- [main] c.e.i.j.e.EpisenScaJagBackendApplication : No active profile set, falling back to default profiles: default
2020-11-19 13:33:41.644  INFO 1 --- [main] o.s.b.w.embedded.tomcat.TomcatWebServer  : Tomcat initialized with port(s): 8080 (http)
2020-11-19 13:33:41.659  INFO 1 --- [main] o.apache.catalina.core.StandardService   : Starting service [Tomcat]
2020-11-19 13:33:41.660  INFO 1 --- [main] org.apache.catalina.core.StandardEngine  : Starting Servlet engine: [Apache Tomcat/9.0.38]
2020-11-19 13:33:42.043  INFO 1 --- [main] o.a.c.c.C.[Tomcat].[localhost].[/]       : Initializing Spring embedded WebApplicationContext
2020-11-19 13:33:42.043  INFO 1 --- [main] w.s.c.ServletWebServerApplicationContext : Root WebApplicationContext: initialization completed in 4887 ms
2020-11-19 13:33:43.948  INFO 1 --- [main] o.s.s.concurrent.ThreadPoolTaskExecutor  : Initializing ExecutorService 'applicationTaskExecutor'
2020-11-19 13:33:44.940  INFO 1 --- [main] o.s.b.w.embedded.tomcat.TomcatWebServer  : Tomcat started on port(s): 8080 (http) with context path ''
2020-11-19 13:33:44.950  INFO 1 --- [main] c.e.i.j.e.EpisenScaJagBackendApplication : Started EpisenScaJagBackendApplication in 10.009 seconds (JVM running for 12.68)
2020-11-19 13:35:02.651  INFO 1 --- [http-nio-8080-exec-1] o.a.c.c.C.[Tomcat].[localhost].[/]       : Initializing Spring DispatcherServlet 'dispatcherServlet'
2020-11-19 13:35:02.654  INFO 1 --- [http-nio-8080-exec-1] o.s.web.servlet.DispatcherServlet        : Initializing Servlet 'dispatcherServlet'
2020-11-19 13:35:02.747  INFO 1 --- [http-nio-8080-exec-1] o.s.web.servlet.DispatcherServlet        : Completed initialization in 90 ms
